[0.011s] Invoking command in '/home/ggmc/ponderada/src/build/turtlesim': CMAKE_PREFIX_PATH=${CMAKE_PREFIX_PATH}:/opt/ros/humble /usr/bin/cmake --build /home/ggmc/ponderada/src/build/turtlesim -- -j8 -l8
[0.047s] [  1%] Built target turtlesim__cpp
[0.047s] [ 11%] Built target turtlesim__rosidl_generator_c
[0.057s] [ 11%] Built target ament_cmake_python_copy_turtlesim
[0.068s] [ 32%] Built target turtlesim__rosidl_typesupport_c
[0.068s] [ 32%] Built target turtlesim__rosidl_typesupport_introspection_cpp
[0.068s] [ 41%] Built target turtlesim__rosidl_typesupport_fastrtps_cpp
[0.068s] [ 53%] Built target turtlesim__rosidl_typesupport_introspection_c
[0.068s] [ 61%] Built target turtlesim__rosidl_typesupport_cpp
[0.070s] [ 71%] Built target turtlesim__rosidl_typesupport_fastrtps_c
[0.088s] [ 71%] Built target turtlesim
[0.088s] [ 72%] [32mBuilding CXX object CMakeFiles/turtle_teleop_key.dir/tutorials/teleop_turtle_key.cpp.o[0m
[0.092s] [ 74%] Built target draw_square
[0.094s] [ 76%] Built target mimic
[0.097s] [ 82%] Built target turtlesim_node
[0.105s] [ 83%] Built target turtlesim__py
[0.123s] [ 92%] Built target turtlesim__rosidl_generator_py
[0.140s] [ 96%] Built target turtlesim__rosidl_typesupport_introspection_c__pyext
[0.140s] [ 96%] Built target turtlesim__rosidl_typesupport_fastrtps_c__pyext
[0.145s] [ 98%] Built target turtlesim__rosidl_typesupport_c__pyext
[0.240s] running egg_info
[0.241s] writing turtlesim.egg-info/PKG-INFO
[0.241s] writing dependency_links to turtlesim.egg-info/dependency_links.txt
[0.241s] writing top-level names to turtlesim.egg-info/top_level.txt
[0.243s] reading manifest file 'turtlesim.egg-info/SOURCES.txt'
[0.244s] writing manifest file 'turtlesim.egg-info/SOURCES.txt'
[0.263s] [ 98%] Built target ament_cmake_python_build_turtlesim_egg
[3.962s] [100%] [32m[1mLinking CXX executable turtle_teleop_key[0m
[4.142s] [100%] Built target turtle_teleop_key
[4.151s] Invoked command in '/home/ggmc/ponderada/src/build/turtlesim' returned '0': CMAKE_PREFIX_PATH=${CMAKE_PREFIX_PATH}:/opt/ros/humble /usr/bin/cmake --build /home/ggmc/ponderada/src/build/turtlesim -- -j8 -l8
[4.479s] Invoking command in '/home/ggmc/ponderada/src/build/turtlesim': CMAKE_PREFIX_PATH=${CMAKE_PREFIX_PATH}:/opt/ros/humble /usr/bin/cmake --install /home/ggmc/ponderada/src/build/turtlesim
[4.485s] -- Install configuration: ""
[4.485s] -- Up-to-date: /home/ggmc/ponderada/src/install/turtlesim/share/ament_index/resource_index/rosidl_interfaces/turtlesim
[4.485s] -- Up-to-date: /home/ggmc/ponderada/src/install/turtlesim/include/turtlesim/turtlesim
[4.485s] -- Up-to-date: /home/ggmc/ponderada/src/install/turtlesim/include/turtlesim/turtlesim/srv
[4.486s] -- Up-to-date: /home/ggmc/ponderada/src/install/turtlesim/include/turtlesim/turtlesim/srv/teleport_absolute.h
[4.486s] -- Up-to-date: /home/ggmc/ponderada/src/install/turtlesim/include/turtlesim/turtlesim/srv/kill.h
[4.486s] -- Up-to-date: /home/ggmc/ponderada/src/install/turtlesim/include/turtlesim/turtlesim/srv/teleport_relative.h
[4.486s] -- Up-to-date: /home/ggmc/ponderada/src/install/turtlesim/include/turtlesim/turtlesim/srv/set_pen.h
[4.486s] -- Up-to-date: /home/ggmc/ponderada/src/install/turtlesim/include/turtlesim/turtlesim/srv/spawn.h
[4.486s] -- Up-to-date: /home/ggmc/ponderada/src/install/turtlesim/include/turtlesim/turtlesim/srv/detail
[4.486s] -- Up-to-date: /home/ggmc/ponderada/src/install/turtlesim/include/turtlesim/turtlesim/srv/detail/kill__functions.h
[4.486s] -- Up-to-date: /home/ggmc/ponderada/src/install/turtlesim/include/turtlesim/turtlesim/srv/detail/spawn__functions.c
[4.486s] -- Up-to-date: /home/ggmc/ponderada/src/install/turtlesim/include/turtlesim/turtlesim/srv/detail/spawn__functions.h
[4.486s] -- Up-to-date: /home/ggmc/ponderada/src/install/turtlesim/include/turtlesim/turtlesim/srv/detail/teleport_relative__functions.h
[4.486s] -- Up-to-date: /home/ggmc/ponderada/src/install/turtlesim/include/turtlesim/turtlesim/srv/detail/kill__struct.h
[4.486s] -- Up-to-date: /home/ggmc/ponderada/src/install/turtlesim/include/turtlesim/turtlesim/srv/detail/set_pen__struct.h
[4.486s] -- Up-to-date: /home/ggmc/ponderada/src/install/turtlesim/include/turtlesim/turtlesim/srv/detail/spawn__type_support.h
[4.486s] -- Up-to-date: /home/ggmc/ponderada/src/install/turtlesim/include/turtlesim/turtlesim/srv/detail/teleport_relative__type_support.h
[4.486s] -- Up-to-date: /home/ggmc/ponderada/src/install/turtlesim/include/turtlesim/turtlesim/srv/detail/teleport_absolute__functions.c
[4.486s] -- Up-to-date: /home/ggmc/ponderada/src/install/turtlesim/include/turtlesim/turtlesim/srv/detail/kill__type_support.h
[4.486s] -- Up-to-date: /home/ggmc/ponderada/src/install/turtlesim/include/turtlesim/turtlesim/srv/detail/teleport_relative__struct.h
[4.486s] -- Up-to-date: /home/ggmc/ponderada/src/install/turtlesim/include/turtlesim/turtlesim/srv/detail/teleport_absolute__struct.h
[4.486s] -- Up-to-date: /home/ggmc/ponderada/src/install/turtlesim/include/turtlesim/turtlesim/srv/detail/teleport_relative__functions.c
[4.486s] -- Up-to-date: /home/ggmc/ponderada/src/install/turtlesim/include/turtlesim/turtlesim/srv/detail/teleport_absolute__functions.h
[4.486s] -- Up-to-date: /home/ggmc/ponderada/src/install/turtlesim/include/turtlesim/turtlesim/srv/detail/set_pen__type_support.h
[4.486s] -- Up-to-date: /home/ggmc/ponderada/src/install/turtlesim/include/turtlesim/turtlesim/srv/detail/teleport_absolute__type_support.h
[4.486s] -- Up-to-date: /home/ggmc/ponderada/src/install/turtlesim/include/turtlesim/turtlesim/srv/detail/spawn__struct.h
[4.487s] -- Up-to-date: /home/ggmc/ponderada/src/install/turtlesim/include/turtlesim/turtlesim/srv/detail/set_pen__functions.c
[4.487s] -- Up-to-date: /home/ggmc/ponderada/src/install/turtlesim/include/turtlesim/turtlesim/srv/detail/set_pen__functions.h
[4.487s] -- Up-to-date: /home/ggmc/ponderada/src/install/turtlesim/include/turtlesim/turtlesim/srv/detail/kill__functions.c
[4.487s] -- Up-to-date: /home/ggmc/ponderada/src/install/turtlesim/include/turtlesim/turtlesim/msg
[4.487s] -- Up-to-date: /home/ggmc/ponderada/src/install/turtlesim/include/turtlesim/turtlesim/msg/pose.h
[4.487s] -- Up-to-date: /home/ggmc/ponderada/src/install/turtlesim/include/turtlesim/turtlesim/msg/color.h
[4.487s] -- Up-to-date: /home/ggmc/ponderada/src/install/turtlesim/include/turtlesim/turtlesim/msg/rosidl_generator_c__visibility_control.h
[4.487s] -- Up-to-date: /home/ggmc/ponderada/src/install/turtlesim/include/turtlesim/turtlesim/msg/detail
[4.487s] -- Up-to-date: /home/ggmc/ponderada/src/install/turtlesim/include/turtlesim/turtlesim/msg/detail/pose__type_support.h
[4.487s] -- Up-to-date: /home/ggmc/ponderada/src/install/turtlesim/include/turtlesim/turtlesim/msg/detail/color__functions.c
[4.487s] -- Up-to-date: /home/ggmc/ponderada/src/install/turtlesim/include/turtlesim/turtlesim/msg/detail/color__struct.h
[4.487s] -- Up-to-date: /home/ggmc/ponderada/src/install/turtlesim/include/turtlesim/turtlesim/msg/detail/pose__struct.h
[4.487s] -- Up-to-date: /home/ggmc/ponderada/src/install/turtlesim/include/turtlesim/turtlesim/msg/detail/pose__functions.c
[4.487s] -- Up-to-date: /home/ggmc/ponderada/src/install/turtlesim/include/turtlesim/turtlesim/msg/detail/color__type_support.h
[4.487s] -- Up-to-date: /home/ggmc/ponderada/src/install/turtlesim/include/turtlesim/turtlesim/msg/detail/color__functions.h
[4.487s] -- Up-to-date: /home/ggmc/ponderada/src/install/turtlesim/include/turtlesim/turtlesim/msg/detail/pose__functions.h
[4.487s] -- Up-to-date: /home/ggmc/ponderada/src/install/turtlesim/include/turtlesim/turtlesim/action
[4.487s] -- Up-to-date: /home/ggmc/ponderada/src/install/turtlesim/include/turtlesim/turtlesim/action/detail
[4.487s] -- Up-to-date: /home/ggmc/ponderada/src/install/turtlesim/include/turtlesim/turtlesim/action/detail/rotate_absolute__type_support.h
[4.487s] -- Up-to-date: /home/ggmc/ponderada/src/install/turtlesim/include/turtlesim/turtlesim/action/detail/rotate_absolute__functions.h
[4.487s] -- Up-to-date: /home/ggmc/ponderada/src/install/turtlesim/include/turtlesim/turtlesim/action/detail/rotate_absolute__struct.h
[4.487s] -- Up-to-date: /home/ggmc/ponderada/src/install/turtlesim/include/turtlesim/turtlesim/action/detail/rotate_absolute__functions.c
[4.487s] -- Up-to-date: /home/ggmc/ponderada/src/install/turtlesim/include/turtlesim/turtlesim/action/rotate_absolute.h
[4.487s] -- Up-to-date: /home/ggmc/ponderada/src/install/turtlesim/share/turtlesim/environment/library_path.sh
[4.487s] -- Up-to-date: /home/ggmc/ponderada/src/install/turtlesim/share/turtlesim/environment/library_path.dsv
[4.488s] -- Up-to-date: /home/ggmc/ponderada/src/install/turtlesim/lib/libturtlesim__rosidl_generator_c.so
[4.488s] -- Up-to-date: /home/ggmc/ponderada/src/install/turtlesim/include/turtlesim/turtlesim
[4.488s] -- Up-to-date: /home/ggmc/ponderada/src/install/turtlesim/include/turtlesim/turtlesim/srv
[4.488s] -- Up-to-date: /home/ggmc/ponderada/src/install/turtlesim/include/turtlesim/turtlesim/srv/detail
[4.488s] -- Up-to-date: /home/ggmc/ponderada/src/install/turtlesim/include/turtlesim/turtlesim/srv/detail/teleport_absolute__rosidl_typesupport_fastrtps_c.h
[4.488s] -- Up-to-date: /home/ggmc/ponderada/src/install/turtlesim/include/turtlesim/turtlesim/srv/detail/teleport_relative__rosidl_typesupport_fastrtps_c.h
[4.488s] -- Up-to-date: /home/ggmc/ponderada/src/install/turtlesim/include/turtlesim/turtlesim/srv/detail/kill__rosidl_typesupport_fastrtps_c.h
[4.488s] -- Up-to-date: /home/ggmc/ponderada/src/install/turtlesim/include/turtlesim/turtlesim/srv/detail/spawn__rosidl_typesupport_fastrtps_c.h
[4.488s] -- Up-to-date: /home/ggmc/ponderada/src/install/turtlesim/include/turtlesim/turtlesim/srv/detail/set_pen__rosidl_typesupport_fastrtps_c.h
[4.488s] -- Up-to-date: /home/ggmc/ponderada/src/install/turtlesim/include/turtlesim/turtlesim/msg
[4.488s] -- Up-to-date: /home/ggmc/ponderada/src/install/turtlesim/include/turtlesim/turtlesim/msg/rosidl_typesupport_fastrtps_c__visibility_control.h
[4.488s] -- Up-to-date: /home/ggmc/ponderada/src/install/turtlesim/include/turtlesim/turtlesim/msg/detail
[4.488s] -- Up-to-date: /home/ggmc/ponderada/src/install/turtlesim/include/turtlesim/turtlesim/msg/detail/pose__rosidl_typesupport_fastrtps_c.h
[4.488s] -- Up-to-date: /home/ggmc/ponderada/src/install/turtlesim/include/turtlesim/turtlesim/msg/detail/color__rosidl_typesupport_fastrtps_c.h
[4.488s] -- Up-to-date: /home/ggmc/ponderada/src/install/turtlesim/include/turtlesim/turtlesim/action
[4.488s] -- Up-to-date: /home/ggmc/ponderada/src/install/turtlesim/include/turtlesim/turtlesim/action/detail
[4.488s] -- Up-to-date: /home/ggmc/ponderada/src/install/turtlesim/include/turtlesim/turtlesim/action/detail/rotate_absolute__rosidl_typesupport_fastrtps_c.h
[4.488s] -- Up-to-date: /home/ggmc/ponderada/src/install/turtlesim/lib/libturtlesim__rosidl_typesupport_fastrtps_c.so
[4.488s] -- Up-to-date: /home/ggmc/ponderada/src/install/turtlesim/include/turtlesim/turtlesim
[4.488s] -- Up-to-date: /home/ggmc/ponderada/src/install/turtlesim/include/turtlesim/turtlesim/srv
[4.488s] -- Up-to-date: /home/ggmc/ponderada/src/install/turtlesim/include/turtlesim/turtlesim/srv/set_pen.hpp
[4.488s] -- Up-to-date: /home/ggmc/ponderada/src/install/turtlesim/include/turtlesim/turtlesim/srv/kill.hpp
[4.489s] -- Up-to-date: /home/ggmc/ponderada/src/install/turtlesim/include/turtlesim/turtlesim/srv/teleport_absolute.hpp
[4.489s] -- Up-to-date: /home/ggmc/ponderada/src/install/turtlesim/include/turtlesim/turtlesim/srv/spawn.hpp
[4.489s] -- Up-to-date: /home/ggmc/ponderada/src/install/turtlesim/include/turtlesim/turtlesim/srv/detail
[4.489s] -- Up-to-date: /home/ggmc/ponderada/src/install/turtlesim/include/turtlesim/turtlesim/srv/detail/teleport_absolute__traits.hpp
[4.489s] -- Up-to-date: /home/ggmc/ponderada/src/install/turtlesim/include/turtlesim/turtlesim/srv/detail/spawn__builder.hpp
[4.489s] -- Up-to-date: /home/ggmc/ponderada/src/install/turtlesim/include/turtlesim/turtlesim/srv/detail/kill__builder.hpp
[4.489s] -- Up-to-date: /home/ggmc/ponderada/src/install/turtlesim/include/turtlesim/turtlesim/srv/detail/spawn__traits.hpp
[4.489s] -- Up-to-date: /home/ggmc/ponderada/src/install/turtlesim/include/turtlesim/turtlesim/srv/detail/set_pen__struct.hpp
[4.489s] -- Up-to-date: /home/ggmc/ponderada/src/install/turtlesim/include/turtlesim/turtlesim/srv/detail/set_pen__traits.hpp
[4.489s] -- Up-to-date: /home/ggmc/ponderada/src/install/turtlesim/include/turtlesim/turtlesim/srv/detail/teleport_relative__builder.hpp
[4.489s] -- Up-to-date: /home/ggmc/ponderada/src/install/turtlesim/include/turtlesim/turtlesim/srv/detail/teleport_absolute__builder.hpp
[4.489s] -- Up-to-date: /home/ggmc/ponderada/src/install/turtlesim/include/turtlesim/turtlesim/srv/detail/teleport_absolute__struct.hpp
[4.489s] -- Up-to-date: /home/ggmc/ponderada/src/install/turtlesim/include/turtlesim/turtlesim/srv/detail/teleport_relative__traits.hpp
[4.489s] -- Up-to-date: /home/ggmc/ponderada/src/install/turtlesim/include/turtlesim/turtlesim/srv/detail/spawn__struct.hpp
[4.489s] -- Up-to-date: /home/ggmc/ponderada/src/install/turtlesim/include/turtlesim/turtlesim/srv/detail/set_pen__builder.hpp
[4.489s] -- Up-to-date: /home/ggmc/ponderada/src/install/turtlesim/include/turtlesim/turtlesim/srv/detail/kill__traits.hpp
[4.489s] -- Up-to-date: /home/ggmc/ponderada/src/install/turtlesim/include/turtlesim/turtlesim/srv/detail/kill__struct.hpp
[4.489s] -- Up-to-date: /home/ggmc/ponderada/src/install/turtlesim/include/turtlesim/turtlesim/srv/detail/teleport_relative__struct.hpp
[4.489s] -- Up-to-date: /home/ggmc/ponderada/src/install/turtlesim/include/turtlesim/turtlesim/srv/teleport_relative.hpp
[4.489s] -- Up-to-date: /home/ggmc/ponderada/src/install/turtlesim/include/turtlesim/turtlesim/msg
[4.489s] -- Up-to-date: /home/ggmc/ponderada/src/install/turtlesim/include/turtlesim/turtlesim/msg/color.hpp
[4.489s] -- Up-to-date: /home/ggmc/ponderada/src/install/turtlesim/include/turtlesim/turtlesim/msg/pose.hpp
[4.489s] -- Up-to-date: /home/ggmc/ponderada/src/install/turtlesim/include/turtlesim/turtlesim/msg/detail
[4.489s] -- Up-to-date: /home/ggmc/ponderada/src/install/turtlesim/include/turtlesim/turtlesim/msg/detail/color__struct.hpp
[4.490s] -- Up-to-date: /home/ggmc/ponderada/src/install/turtlesim/include/turtlesim/turtlesim/msg/detail/pose__struct.hpp
[4.490s] -- Up-to-date: /home/ggmc/ponderada/src/install/turtlesim/include/turtlesim/turtlesim/msg/detail/color__traits.hpp
[4.490s] -- Up-to-date: /home/ggmc/ponderada/src/install/turtlesim/include/turtlesim/turtlesim/msg/detail/pose__traits.hpp
[4.490s] -- Up-to-date: /home/ggmc/ponderada/src/install/turtlesim/include/turtlesim/turtlesim/msg/detail/color__builder.hpp
[4.490s] -- Up-to-date: /home/ggmc/ponderada/src/install/turtlesim/include/turtlesim/turtlesim/msg/detail/pose__builder.hpp
[4.490s] -- Up-to-date: /home/ggmc/ponderada/src/install/turtlesim/include/turtlesim/turtlesim/action
[4.490s] -- Up-to-date: /home/ggmc/ponderada/src/install/turtlesim/include/turtlesim/turtlesim/action/rotate_absolute.hpp
[4.490s] -- Up-to-date: /home/ggmc/ponderada/src/install/turtlesim/include/turtlesim/turtlesim/action/detail
[4.490s] -- Up-to-date: /home/ggmc/ponderada/src/install/turtlesim/include/turtlesim/turtlesim/action/detail/rotate_absolute__struct.hpp
[4.490s] -- Up-to-date: /home/ggmc/ponderada/src/install/turtlesim/include/turtlesim/turtlesim/action/detail/rotate_absolute__traits.hpp
[4.490s] -- Up-to-date: /home/ggmc/ponderada/src/install/turtlesim/include/turtlesim/turtlesim/action/detail/rotate_absolute__builder.hpp
[4.490s] -- Up-to-date: /home/ggmc/ponderada/src/install/turtlesim/include/turtlesim/turtlesim
[4.490s] -- Up-to-date: /home/ggmc/ponderada/src/install/turtlesim/include/turtlesim/turtlesim/srv
[4.490s] -- Up-to-date: /home/ggmc/ponderada/src/install/turtlesim/include/turtlesim/turtlesim/srv/detail
[4.490s] -- Up-to-date: /home/ggmc/ponderada/src/install/turtlesim/include/turtlesim/turtlesim/srv/detail/teleport_relative__rosidl_typesupport_fastrtps_cpp.hpp
[4.490s] -- Up-to-date: /home/ggmc/ponderada/src/install/turtlesim/include/turtlesim/turtlesim/srv/detail/set_pen__rosidl_typesupport_fastrtps_cpp.hpp
[4.490s] -- Up-to-date: /home/ggmc/ponderada/src/install/turtlesim/include/turtlesim/turtlesim/srv/detail/teleport_absolute__rosidl_typesupport_fastrtps_cpp.hpp
[4.490s] -- Up-to-date: /home/ggmc/ponderada/src/install/turtlesim/include/turtlesim/turtlesim/srv/detail/spawn__rosidl_typesupport_fastrtps_cpp.hpp
[4.490s] -- Up-to-date: /home/ggmc/ponderada/src/install/turtlesim/include/turtlesim/turtlesim/srv/detail/kill__rosidl_typesupport_fastrtps_cpp.hpp
[4.490s] -- Up-to-date: /home/ggmc/ponderada/src/install/turtlesim/include/turtlesim/turtlesim/srv/detail/dds_fastrtps
[4.490s] -- Up-to-date: /home/ggmc/ponderada/src/install/turtlesim/include/turtlesim/turtlesim/msg
[4.490s] -- Up-to-date: /home/ggmc/ponderada/src/install/turtlesim/include/turtlesim/turtlesim/msg/rosidl_typesupport_fastrtps_cpp__visibility_control.h
[4.490s] -- Up-to-date: /home/ggmc/ponderada/src/install/turtlesim/include/turtlesim/turtlesim/msg/detail
[4.490s] -- Up-to-date: /home/ggmc/ponderada/src/install/turtlesim/include/turtlesim/turtlesim/msg/detail/color__rosidl_typesupport_fastrtps_cpp.hpp
[4.490s] -- Up-to-date: /home/ggmc/ponderada/src/install/turtlesim/include/turtlesim/turtlesim/msg/detail/pose__rosidl_typesupport_fastrtps_cpp.hpp
[4.490s] -- Up-to-date: /home/ggmc/ponderada/src/install/turtlesim/include/turtlesim/turtlesim/msg/detail/dds_fastrtps
[4.490s] -- Up-to-date: /home/ggmc/ponderada/src/install/turtlesim/include/turtlesim/turtlesim/action
[4.490s] -- Up-to-date: /home/ggmc/ponderada/src/install/turtlesim/include/turtlesim/turtlesim/action/detail
[4.491s] -- Up-to-date: /home/ggmc/ponderada/src/install/turtlesim/include/turtlesim/turtlesim/action/detail/rotate_absolute__rosidl_typesupport_fastrtps_cpp.hpp
[4.491s] -- Up-to-date: /home/ggmc/ponderada/src/install/turtlesim/include/turtlesim/turtlesim/action/detail/dds_fastrtps
[4.491s] -- Up-to-date: /home/ggmc/ponderada/src/install/turtlesim/lib/libturtlesim__rosidl_typesupport_fastrtps_cpp.so
[4.491s] -- Up-to-date: /home/ggmc/ponderada/src/install/turtlesim/include/turtlesim/turtlesim
[4.491s] -- Up-to-date: /home/ggmc/ponderada/src/install/turtlesim/include/turtlesim/turtlesim/srv
[4.491s] -- Up-to-date: /home/ggmc/ponderada/src/install/turtlesim/include/turtlesim/turtlesim/srv/detail
[4.491s] -- Up-to-date: /home/ggmc/ponderada/src/install/turtlesim/include/turtlesim/turtlesim/srv/detail/teleport_absolute__type_support.c
[4.491s] -- Up-to-date: /home/ggmc/ponderada/src/install/turtlesim/include/turtlesim/turtlesim/srv/detail/spawn__rosidl_typesupport_introspection_c.h
[4.491s] -- Up-to-date: /home/ggmc/ponderada/src/install/turtlesim/include/turtlesim/turtlesim/srv/detail/set_pen__rosidl_typesupport_introspection_c.h
[4.491s] -- Up-to-date: /home/ggmc/ponderada/src/install/turtlesim/include/turtlesim/turtlesim/srv/detail/teleport_relative__rosidl_typesupport_introspection_c.h
[4.491s] -- Up-to-date: /home/ggmc/ponderada/src/install/turtlesim/include/turtlesim/turtlesim/srv/detail/teleport_absolute__rosidl_typesupport_introspection_c.h
[4.491s] -- Up-to-date: /home/ggmc/ponderada/src/install/turtlesim/include/turtlesim/turtlesim/srv/detail/kill__type_support.c
[4.491s] -- Up-to-date: /home/ggmc/ponderada/src/install/turtlesim/include/turtlesim/turtlesim/srv/detail/set_pen__type_support.c
[4.491s] -- Up-to-date: /home/ggmc/ponderada/src/install/turtlesim/include/turtlesim/turtlesim/srv/detail/kill__rosidl_typesupport_introspection_c.h
[4.491s] -- Up-to-date: /home/ggmc/ponderada/src/install/turtlesim/include/turtlesim/turtlesim/srv/detail/teleport_relative__type_support.c
[4.491s] -- Up-to-date: /home/ggmc/ponderada/src/install/turtlesim/include/turtlesim/turtlesim/srv/detail/spawn__type_support.c
[4.491s] -- Up-to-date: /home/ggmc/ponderada/src/install/turtlesim/include/turtlesim/turtlesim/msg
[4.491s] -- Up-to-date: /home/ggmc/ponderada/src/install/turtlesim/include/turtlesim/turtlesim/msg/rosidl_typesupport_introspection_c__visibility_control.h
[4.491s] -- Up-to-date: /home/ggmc/ponderada/src/install/turtlesim/include/turtlesim/turtlesim/msg/detail
[4.491s] -- Up-to-date: /home/ggmc/ponderada/src/install/turtlesim/include/turtlesim/turtlesim/msg/detail/pose__type_support.c
[4.491s] -- Up-to-date: /home/ggmc/ponderada/src/install/turtlesim/include/turtlesim/turtlesim/msg/detail/pose__rosidl_typesupport_introspection_c.h
[4.491s] -- Up-to-date: /home/ggmc/ponderada/src/install/turtlesim/include/turtlesim/turtlesim/msg/detail/color__rosidl_typesupport_introspection_c.h
[4.491s] -- Up-to-date: /home/ggmc/ponderada/src/install/turtlesim/include/turtlesim/turtlesim/msg/detail/color__type_support.c
[4.491s] -- Up-to-date: /home/ggmc/ponderada/src/install/turtlesim/include/turtlesim/turtlesim/action
[4.491s] -- Up-to-date: /home/ggmc/ponderada/src/install/turtlesim/include/turtlesim/turtlesim/action/detail
[4.491s] -- Up-to-date: /home/ggmc/ponderada/src/install/turtlesim/include/turtlesim/turtlesim/action/detail/rotate_absolute__type_support.c
[4.491s] -- Up-to-date: /home/ggmc/ponderada/src/install/turtlesim/include/turtlesim/turtlesim/action/detail/rotate_absolute__rosidl_typesupport_introspection_c.h
[4.491s] -- Up-to-date: /home/ggmc/ponderada/src/install/turtlesim/lib/libturtlesim__rosidl_typesupport_introspection_c.so
[4.491s] -- Up-to-date: /home/ggmc/ponderada/src/install/turtlesim/lib/libturtlesim__rosidl_typesupport_c.so
[4.492s] -- Up-to-date: /home/ggmc/ponderada/src/install/turtlesim/include/turtlesim/turtlesim
[4.492s] -- Up-to-date: /home/ggmc/ponderada/src/install/turtlesim/include/turtlesim/turtlesim/srv
[4.492s] -- Up-to-date: /home/ggmc/ponderada/src/install/turtlesim/include/turtlesim/turtlesim/srv/detail
[4.492s] -- Up-to-date: /home/ggmc/ponderada/src/install/turtlesim/include/turtlesim/turtlesim/srv/detail/teleport_relative__rosidl_typesupport_introspection_cpp.hpp
[4.492s] -- Up-to-date: /home/ggmc/ponderada/src/install/turtlesim/include/turtlesim/turtlesim/srv/detail/set_pen__rosidl_typesupport_introspection_cpp.hpp
[4.492s] -- Up-to-date: /home/ggmc/ponderada/src/install/turtlesim/include/turtlesim/turtlesim/srv/detail/kill__rosidl_typesupport_introspection_cpp.hpp
[4.492s] -- Up-to-date: /home/ggmc/ponderada/src/install/turtlesim/include/turtlesim/turtlesim/srv/detail/teleport_absolute__type_support.cpp
[4.492s] -- Up-to-date: /home/ggmc/ponderada/src/install/turtlesim/include/turtlesim/turtlesim/srv/detail/set_pen__type_support.cpp
[4.492s] -- Up-to-date: /home/ggmc/ponderada/src/install/turtlesim/include/turtlesim/turtlesim/srv/detail/kill__type_support.cpp
[4.492s] -- Up-to-date: /home/ggmc/ponderada/src/install/turtlesim/include/turtlesim/turtlesim/srv/detail/teleport_relative__type_support.cpp
[4.492s] -- Up-to-date: /home/ggmc/ponderada/src/install/turtlesim/include/turtlesim/turtlesim/srv/detail/spawn__type_support.cpp
[4.492s] -- Up-to-date: /home/ggmc/ponderada/src/install/turtlesim/include/turtlesim/turtlesim/srv/detail/teleport_absolute__rosidl_typesupport_introspection_cpp.hpp
[4.492s] -- Up-to-date: /home/ggmc/ponderada/src/install/turtlesim/include/turtlesim/turtlesim/srv/detail/spawn__rosidl_typesupport_introspection_cpp.hpp
[4.492s] -- Up-to-date: /home/ggmc/ponderada/src/install/turtlesim/include/turtlesim/turtlesim/msg
[4.492s] -- Up-to-date: /home/ggmc/ponderada/src/install/turtlesim/include/turtlesim/turtlesim/msg/detail
[4.492s] -- Up-to-date: /home/ggmc/ponderada/src/install/turtlesim/include/turtlesim/turtlesim/msg/detail/pose__rosidl_typesupport_introspection_cpp.hpp
[4.492s] -- Up-to-date: /home/ggmc/ponderada/src/install/turtlesim/include/turtlesim/turtlesim/msg/detail/color__type_support.cpp
[4.492s] -- Up-to-date: /home/ggmc/ponderada/src/install/turtlesim/include/turtlesim/turtlesim/msg/detail/color__rosidl_typesupport_introspection_cpp.hpp
[4.492s] -- Up-to-date: /home/ggmc/ponderada/src/install/turtlesim/include/turtlesim/turtlesim/msg/detail/pose__type_support.cpp
[4.492s] -- Up-to-date: /home/ggmc/ponderada/src/install/turtlesim/include/turtlesim/turtlesim/action
[4.492s] -- Up-to-date: /home/ggmc/ponderada/src/install/turtlesim/include/turtlesim/turtlesim/action/detail
[4.492s] -- Up-to-date: /home/ggmc/ponderada/src/install/turtlesim/include/turtlesim/turtlesim/action/detail/rotate_absolute__rosidl_typesupport_introspection_cpp.hpp
[4.492s] -- Up-to-date: /home/ggmc/ponderada/src/install/turtlesim/include/turtlesim/turtlesim/action/detail/rotate_absolute__type_support.cpp
[4.492s] -- Up-to-date: /home/ggmc/ponderada/src/install/turtlesim/lib/libturtlesim__rosidl_typesupport_introspection_cpp.so
[4.492s] -- Up-to-date: /home/ggmc/ponderada/src/install/turtlesim/lib/libturtlesim__rosidl_typesupport_cpp.so
[4.492s] -- Up-to-date: /home/ggmc/ponderada/src/install/turtlesim/share/turtlesim/environment/pythonpath.sh
[4.492s] -- Up-to-date: /home/ggmc/ponderada/src/install/turtlesim/share/turtlesim/environment/pythonpath.dsv
[4.492s] -- Up-to-date: /home/ggmc/ponderada/src/install/turtlesim/local/lib/python3.10/dist-packages/turtlesim-1.4.2-py3.10.egg-info
[4.493s] -- Installing: /home/ggmc/ponderada/src/install/turtlesim/local/lib/python3.10/dist-packages/turtlesim-1.4.2-py3.10.egg-info/SOURCES.txt
[4.493s] -- Installing: /home/ggmc/ponderada/src/install/turtlesim/local/lib/python3.10/dist-packages/turtlesim-1.4.2-py3.10.egg-info/top_level.txt
[4.493s] -- Installing: /home/ggmc/ponderada/src/install/turtlesim/local/lib/python3.10/dist-packages/turtlesim-1.4.2-py3.10.egg-info/dependency_links.txt
[4.493s] -- Installing: /home/ggmc/ponderada/src/install/turtlesim/local/lib/python3.10/dist-packages/turtlesim-1.4.2-py3.10.egg-info/PKG-INFO
[4.493s] -- Up-to-date: /home/ggmc/ponderada/src/install/turtlesim/local/lib/python3.10/dist-packages/turtlesim
[4.493s] -- Up-to-date: /home/ggmc/ponderada/src/install/turtlesim/local/lib/python3.10/dist-packages/turtlesim/srv
[4.493s] -- Up-to-date: /home/ggmc/ponderada/src/install/turtlesim/local/lib/python3.10/dist-packages/turtlesim/srv/_set_pen_s.c
[4.493s] -- Up-to-date: /home/ggmc/ponderada/src/install/turtlesim/local/lib/python3.10/dist-packages/turtlesim/srv/_teleport_relative_s.c
[4.493s] -- Up-to-date: /home/ggmc/ponderada/src/install/turtlesim/local/lib/python3.10/dist-packages/turtlesim/srv/_kill_s.c
[4.493s] -- Up-to-date: /home/ggmc/ponderada/src/install/turtlesim/local/lib/python3.10/dist-packages/turtlesim/srv/__init__.py
[4.493s] -- Up-to-date: /home/ggmc/ponderada/src/install/turtlesim/local/lib/python3.10/dist-packages/turtlesim/srv/_spawn.py
[4.493s] -- Up-to-date: /home/ggmc/ponderada/src/install/turtlesim/local/lib/python3.10/dist-packages/turtlesim/srv/_teleport_absolute.py
[4.493s] -- Up-to-date: /home/ggmc/ponderada/src/install/turtlesim/local/lib/python3.10/dist-packages/turtlesim/srv/_teleport_relative.py
[4.493s] -- Up-to-date: /home/ggmc/ponderada/src/install/turtlesim/local/lib/python3.10/dist-packages/turtlesim/srv/_teleport_absolute_s.c
[4.493s] -- Up-to-date: /home/ggmc/ponderada/src/install/turtlesim/local/lib/python3.10/dist-packages/turtlesim/srv/_set_pen.py
[4.493s] -- Up-to-date: /home/ggmc/ponderada/src/install/turtlesim/local/lib/python3.10/dist-packages/turtlesim/srv/_spawn_s.c
[4.493s] -- Up-to-date: /home/ggmc/ponderada/src/install/turtlesim/local/lib/python3.10/dist-packages/turtlesim/srv/_kill.py
[4.493s] -- Up-to-date: /home/ggmc/ponderada/src/install/turtlesim/local/lib/python3.10/dist-packages/turtlesim/msg
[4.493s] -- Up-to-date: /home/ggmc/ponderada/src/install/turtlesim/local/lib/python3.10/dist-packages/turtlesim/msg/_pose_s.c
[4.493s] -- Up-to-date: /home/ggmc/ponderada/src/install/turtlesim/local/lib/python3.10/dist-packages/turtlesim/msg/_color_s.c
[4.493s] -- Up-to-date: /home/ggmc/ponderada/src/install/turtlesim/local/lib/python3.10/dist-packages/turtlesim/msg/__init__.py
[4.493s] -- Up-to-date: /home/ggmc/ponderada/src/install/turtlesim/local/lib/python3.10/dist-packages/turtlesim/msg/_color.py
[4.493s] -- Up-to-date: /home/ggmc/ponderada/src/install/turtlesim/local/lib/python3.10/dist-packages/turtlesim/msg/_pose.py
[4.493s] -- Up-to-date: /home/ggmc/ponderada/src/install/turtlesim/local/lib/python3.10/dist-packages/turtlesim/_turtlesim_s.ep.rosidl_typesupport_c.c
[4.493s] -- Up-to-date: /home/ggmc/ponderada/src/install/turtlesim/local/lib/python3.10/dist-packages/turtlesim/__init__.py
[4.493s] -- Up-to-date: /home/ggmc/ponderada/src/install/turtlesim/local/lib/python3.10/dist-packages/turtlesim/turtlesim_s__rosidl_typesupport_introspection_c.cpython-310-x86_64-linux-gnu.so
[4.493s] -- Up-to-date: /home/ggmc/ponderada/src/install/turtlesim/local/lib/python3.10/dist-packages/turtlesim/turtlesim_s__rosidl_typesupport_c.cpython-310-x86_64-linux-gnu.so
[4.493s] -- Up-to-date: /home/ggmc/ponderada/src/install/turtlesim/local/lib/python3.10/dist-packages/turtlesim/_turtlesim_s.ep.rosidl_typesupport_fastrtps_c.c
[4.493s] -- Up-to-date: /home/ggmc/ponderada/src/install/turtlesim/local/lib/python3.10/dist-packages/turtlesim/action
[4.494s] -- Up-to-date: /home/ggmc/ponderada/src/install/turtlesim/local/lib/python3.10/dist-packages/turtlesim/action/__init__.py
[4.494s] -- Up-to-date: /home/ggmc/ponderada/src/install/turtlesim/local/lib/python3.10/dist-packages/turtlesim/action/_rotate_absolute.py
[4.494s] -- Up-to-date: /home/ggmc/ponderada/src/install/turtlesim/local/lib/python3.10/dist-packages/turtlesim/action/_rotate_absolute_s.c
[4.494s] -- Up-to-date: /home/ggmc/ponderada/src/install/turtlesim/local/lib/python3.10/dist-packages/turtlesim/turtlesim_s__rosidl_typesupport_fastrtps_c.cpython-310-x86_64-linux-gnu.so
[4.494s] -- Up-to-date: /home/ggmc/ponderada/src/install/turtlesim/local/lib/python3.10/dist-packages/turtlesim/_turtlesim_s.ep.rosidl_typesupport_introspection_c.c
[4.494s] -- Up-to-date: /home/ggmc/ponderada/src/install/turtlesim/local/lib/python3.10/dist-packages/turtlesim/libturtlesim__rosidl_generator_py.so
[4.509s] Listing '/home/ggmc/ponderada/src/install/turtlesim/local/lib/python3.10/dist-packages/turtlesim'...
[4.509s] Listing '/home/ggmc/ponderada/src/install/turtlesim/local/lib/python3.10/dist-packages/turtlesim/action'...
[4.509s] Listing '/home/ggmc/ponderada/src/install/turtlesim/local/lib/python3.10/dist-packages/turtlesim/msg'...
[4.509s] Listing '/home/ggmc/ponderada/src/install/turtlesim/local/lib/python3.10/dist-packages/turtlesim/srv'...
[4.512s] -- Up-to-date: /home/ggmc/ponderada/src/install/turtlesim/local/lib/python3.10/dist-packages/turtlesim/turtlesim_s__rosidl_typesupport_fastrtps_c.cpython-310-x86_64-linux-gnu.so
[4.512s] -- Up-to-date: /home/ggmc/ponderada/src/install/turtlesim/local/lib/python3.10/dist-packages/turtlesim/turtlesim_s__rosidl_typesupport_introspection_c.cpython-310-x86_64-linux-gnu.so
[4.513s] -- Up-to-date: /home/ggmc/ponderada/src/install/turtlesim/local/lib/python3.10/dist-packages/turtlesim/turtlesim_s__rosidl_typesupport_c.cpython-310-x86_64-linux-gnu.so
[4.513s] -- Up-to-date: /home/ggmc/ponderada/src/install/turtlesim/lib/libturtlesim__rosidl_generator_py.so
[4.513s] -- Up-to-date: /home/ggmc/ponderada/src/install/turtlesim/share/turtlesim/action/RotateAbsolute.idl
[4.513s] -- Up-to-date: /home/ggmc/ponderada/src/install/turtlesim/share/turtlesim/msg/Color.idl
[4.513s] -- Up-to-date: /home/ggmc/ponderada/src/install/turtlesim/share/turtlesim/msg/Pose.idl
[4.513s] -- Up-to-date: /home/ggmc/ponderada/src/install/turtlesim/share/turtlesim/srv/Kill.idl
[4.513s] -- Up-to-date: /home/ggmc/ponderada/src/install/turtlesim/share/turtlesim/srv/SetPen.idl
[4.513s] -- Up-to-date: /home/ggmc/ponderada/src/install/turtlesim/share/turtlesim/srv/Spawn.idl
[4.513s] -- Up-to-date: /home/ggmc/ponderada/src/install/turtlesim/share/turtlesim/srv/TeleportAbsolute.idl
[4.514s] -- Up-to-date: /home/ggmc/ponderada/src/install/turtlesim/share/turtlesim/srv/TeleportRelative.idl
[4.514s] -- Up-to-date: /home/ggmc/ponderada/src/install/turtlesim/share/turtlesim/action/RotateAbsolute.action
[4.514s] -- Up-to-date: /home/ggmc/ponderada/src/install/turtlesim/share/turtlesim/msg/Color.msg
[4.514s] -- Up-to-date: /home/ggmc/ponderada/src/install/turtlesim/share/turtlesim/msg/Pose.msg
[4.514s] -- Up-to-date: /home/ggmc/ponderada/src/install/turtlesim/share/turtlesim/srv/Kill.srv
[4.514s] -- Up-to-date: /home/ggmc/ponderada/src/install/turtlesim/share/turtlesim/srv/Kill_Request.msg
[4.514s] -- Up-to-date: /home/ggmc/ponderada/src/install/turtlesim/share/turtlesim/srv/Kill_Response.msg
[4.514s] -- Up-to-date: /home/ggmc/ponderada/src/install/turtlesim/share/turtlesim/srv/SetPen.srv
[4.514s] -- Up-to-date: /home/ggmc/ponderada/src/install/turtlesim/share/turtlesim/srv/SetPen_Request.msg
[4.514s] -- Up-to-date: /home/ggmc/ponderada/src/install/turtlesim/share/turtlesim/srv/SetPen_Response.msg
[4.514s] -- Up-to-date: /home/ggmc/ponderada/src/install/turtlesim/share/turtlesim/srv/Spawn.srv
[4.514s] -- Up-to-date: /home/ggmc/ponderada/src/install/turtlesim/share/turtlesim/srv/Spawn_Request.msg
[4.514s] -- Up-to-date: /home/ggmc/ponderada/src/install/turtlesim/share/turtlesim/srv/Spawn_Response.msg
[4.515s] -- Up-to-date: /home/ggmc/ponderada/src/install/turtlesim/share/turtlesim/srv/TeleportAbsolute.srv
[4.515s] -- Up-to-date: /home/ggmc/ponderada/src/install/turtlesim/share/turtlesim/srv/TeleportAbsolute_Request.msg
[4.515s] -- Up-to-date: /home/ggmc/ponderada/src/install/turtlesim/share/turtlesim/srv/TeleportAbsolute_Response.msg
[4.515s] -- Up-to-date: /home/ggmc/ponderada/src/install/turtlesim/share/turtlesim/srv/TeleportRelative.srv
[4.515s] -- Up-to-date: /home/ggmc/ponderada/src/install/turtlesim/share/turtlesim/srv/TeleportRelative_Request.msg
[4.515s] -- Up-to-date: /home/ggmc/ponderada/src/install/turtlesim/share/turtlesim/srv/TeleportRelative_Response.msg
[4.515s] -- Up-to-date: /home/ggmc/ponderada/src/install/turtlesim/lib/turtlesim/turtlesim_node
[4.515s] -- Installing: /home/ggmc/ponderada/src/install/turtlesim/lib/turtlesim/turtle_teleop_key
[4.516s] -- Set runtime path of "/home/ggmc/ponderada/src/install/turtlesim/lib/turtlesim/turtle_teleop_key" to ""
[4.516s] -- Up-to-date: /home/ggmc/ponderada/src/install/turtlesim/lib/turtlesim/draw_square
[4.516s] -- Up-to-date: /home/ggmc/ponderada/src/install/turtlesim/lib/turtlesim/mimic
[4.516s] -- Up-to-date: /home/ggmc/ponderada/src/install/turtlesim/share/turtlesim/images
[4.516s] -- Up-to-date: /home/ggmc/ponderada/src/install/turtlesim/share/turtlesim/images/crystal.png
[4.516s] -- Up-to-date: /home/ggmc/ponderada/src/install/turtlesim/share/turtlesim/images/ardent.png
[4.517s] -- Up-to-date: /home/ggmc/ponderada/src/install/turtlesim/share/turtlesim/images/galactic.png
[4.517s] -- Up-to-date: /home/ggmc/ponderada/src/install/turtlesim/share/turtlesim/images/foxy.png
[4.517s] -- Up-to-date: /home/ggmc/ponderada/src/install/turtlesim/share/turtlesim/images/eloquent.png
[4.517s] -- Up-to-date: /home/ggmc/ponderada/src/install/turtlesim/share/turtlesim/images/bouncy.png
[4.517s] -- Up-to-date: /home/ggmc/ponderada/src/install/turtlesim/share/turtlesim/images/rolling.png
[4.517s] -- Up-to-date: /home/ggmc/ponderada/src/install/turtlesim/share/turtlesim/images/dashing.png
[4.517s] -- Up-to-date: /home/ggmc/ponderada/src/install/turtlesim/share/turtlesim/images/humble.png
[4.517s] -- Up-to-date: /home/ggmc/ponderada/src/install/turtlesim/share/turtlesim/launch
[4.517s] -- Up-to-date: /home/ggmc/ponderada/src/install/turtlesim/share/turtlesim/launch/multisim.launch.py
[4.517s] -- Up-to-date: /home/ggmc/ponderada/src/install/turtlesim/share/ament_index/resource_index/package_run_dependencies/turtlesim
[4.517s] -- Up-to-date: /home/ggmc/ponderada/src/install/turtlesim/share/ament_index/resource_index/parent_prefix_path/turtlesim
[4.517s] -- Up-to-date: /home/ggmc/ponderada/src/install/turtlesim/share/turtlesim/environment/ament_prefix_path.sh
[4.518s] -- Up-to-date: /home/ggmc/ponderada/src/install/turtlesim/share/turtlesim/environment/ament_prefix_path.dsv
[4.518s] -- Up-to-date: /home/ggmc/ponderada/src/install/turtlesim/share/turtlesim/environment/path.sh
[4.518s] -- Up-to-date: /home/ggmc/ponderada/src/install/turtlesim/share/turtlesim/environment/path.dsv
[4.518s] -- Up-to-date: /home/ggmc/ponderada/src/install/turtlesim/share/turtlesim/local_setup.bash
[4.518s] -- Up-to-date: /home/ggmc/ponderada/src/install/turtlesim/share/turtlesim/local_setup.sh
[4.518s] -- Up-to-date: /home/ggmc/ponderada/src/install/turtlesim/share/turtlesim/local_setup.zsh
[4.518s] -- Up-to-date: /home/ggmc/ponderada/src/install/turtlesim/share/turtlesim/local_setup.dsv
[4.518s] -- Installing: /home/ggmc/ponderada/src/install/turtlesim/share/turtlesim/package.dsv
[4.518s] -- Up-to-date: /home/ggmc/ponderada/src/install/turtlesim/share/ament_index/resource_index/packages/turtlesim
[4.518s] -- Up-to-date: /home/ggmc/ponderada/src/install/turtlesim/share/turtlesim/cmake/export_turtlesim__rosidl_generator_cExport.cmake
[4.518s] -- Up-to-date: /home/ggmc/ponderada/src/install/turtlesim/share/turtlesim/cmake/export_turtlesim__rosidl_generator_cExport-noconfig.cmake
[4.518s] -- Up-to-date: /home/ggmc/ponderada/src/install/turtlesim/share/turtlesim/cmake/export_turtlesim__rosidl_typesupport_fastrtps_cExport.cmake
[4.519s] -- Up-to-date: /home/ggmc/ponderada/src/install/turtlesim/share/turtlesim/cmake/export_turtlesim__rosidl_typesupport_fastrtps_cExport-noconfig.cmake
[4.519s] -- Up-to-date: /home/ggmc/ponderada/src/install/turtlesim/share/turtlesim/cmake/export_turtlesim__rosidl_generator_cppExport.cmake
[4.519s] -- Up-to-date: /home/ggmc/ponderada/src/install/turtlesim/share/turtlesim/cmake/export_turtlesim__rosidl_typesupport_fastrtps_cppExport.cmake
[4.519s] -- Up-to-date: /home/ggmc/ponderada/src/install/turtlesim/share/turtlesim/cmake/export_turtlesim__rosidl_typesupport_fastrtps_cppExport-noconfig.cmake
[4.519s] -- Up-to-date: /home/ggmc/ponderada/src/install/turtlesim/share/turtlesim/cmake/turtlesim__rosidl_typesupport_introspection_cExport.cmake
[4.519s] -- Up-to-date: /home/ggmc/ponderada/src/install/turtlesim/share/turtlesim/cmake/turtlesim__rosidl_typesupport_introspection_cExport-noconfig.cmake
[4.519s] -- Up-to-date: /home/ggmc/ponderada/src/install/turtlesim/share/turtlesim/cmake/turtlesim__rosidl_typesupport_cExport.cmake
[4.519s] -- Up-to-date: /home/ggmc/ponderada/src/install/turtlesim/share/turtlesim/cmake/turtlesim__rosidl_typesupport_cExport-noconfig.cmake
[4.519s] -- Up-to-date: /home/ggmc/ponderada/src/install/turtlesim/share/turtlesim/cmake/turtlesim__rosidl_typesupport_introspection_cppExport.cmake
[4.519s] -- Up-to-date: /home/ggmc/ponderada/src/install/turtlesim/share/turtlesim/cmake/turtlesim__rosidl_typesupport_introspection_cppExport-noconfig.cmake
[4.519s] -- Up-to-date: /home/ggmc/ponderada/src/install/turtlesim/share/turtlesim/cmake/turtlesim__rosidl_typesupport_cppExport.cmake
[4.519s] -- Up-to-date: /home/ggmc/ponderada/src/install/turtlesim/share/turtlesim/cmake/turtlesim__rosidl_typesupport_cppExport-noconfig.cmake
[4.519s] -- Up-to-date: /home/ggmc/ponderada/src/install/turtlesim/share/turtlesim/cmake/export_turtlesim__rosidl_generator_pyExport.cmake
[4.520s] -- Up-to-date: /home/ggmc/ponderada/src/install/turtlesim/share/turtlesim/cmake/export_turtlesim__rosidl_generator_pyExport-noconfig.cmake
[4.520s] -- Up-to-date: /home/ggmc/ponderada/src/install/turtlesim/share/turtlesim/cmake/rosidl_cmake-extras.cmake
[4.520s] -- Up-to-date: /home/ggmc/ponderada/src/install/turtlesim/share/turtlesim/cmake/ament_cmake_export_dependencies-extras.cmake
[4.520s] -- Up-to-date: /home/ggmc/ponderada/src/install/turtlesim/share/turtlesim/cmake/ament_cmake_export_include_directories-extras.cmake
[4.520s] -- Up-to-date: /home/ggmc/ponderada/src/install/turtlesim/share/turtlesim/cmake/ament_cmake_export_libraries-extras.cmake
[4.520s] -- Up-to-date: /home/ggmc/ponderada/src/install/turtlesim/share/turtlesim/cmake/ament_cmake_export_targets-extras.cmake
[4.520s] -- Up-to-date: /home/ggmc/ponderada/src/install/turtlesim/share/turtlesim/cmake/rosidl_cmake_export_typesupport_targets-extras.cmake
[4.520s] -- Up-to-date: /home/ggmc/ponderada/src/install/turtlesim/share/turtlesim/cmake/rosidl_cmake_export_typesupport_libraries-extras.cmake
[4.520s] -- Up-to-date: /home/ggmc/ponderada/src/install/turtlesim/share/turtlesim/cmake/turtlesimConfig.cmake
[4.520s] -- Up-to-date: /home/ggmc/ponderada/src/install/turtlesim/share/turtlesim/cmake/turtlesimConfig-version.cmake
[4.520s] -- Up-to-date: /home/ggmc/ponderada/src/install/turtlesim/share/turtlesim/package.xml
[4.524s] Invoked command in '/home/ggmc/ponderada/src/build/turtlesim' returned '0': CMAKE_PREFIX_PATH=${CMAKE_PREFIX_PATH}:/opt/ros/humble /usr/bin/cmake --install /home/ggmc/ponderada/src/build/turtlesim
